<?xml version="1.0" encoding="UTF-8"?>
<testsuite xmlns:xsi="http://www.w3.org/2001/XMLSchema-instance" xsi:noNamespaceSchemaLocation="https://maven.apache.org/surefire/maven-surefire-plugin/xsd/surefire-test-report.xsd" version="3.0.2" name="dev.abhi.userservice.userservice.RegisterClientAddingTest" time="22.55" tests="1" errors="0" skipped="0" failures="0">
  <properties>
[...]
</properties>
  <testcase name="addNewClient" classname="dev.abhi.userservice.userservice.RegisterClientAddingTest" time="1.659">
    <system-out><![CDATA[12:07:09.279 [main] INFO org.springframework.test.context.support.AnnotationConfigContextLoaderUtils -- Could not detect default configuration classes for test class [dev.abhi.userservice.userservice.RegisterClientAddingTest]: RegisterClientAddingTest does not declare any static, non-private, non-final, nested classes annotated with @Configuration.
12:07:09.444 [main] INFO org.springframework.boot.test.context.SpringBootTestContextBootstrapper -- Found @SpringBootConfiguration dev.abhi.userservice.userservice.UserserviceApplication for test class dev.abhi.userservice.userservice.RegisterClientAddingTest
12:07:09.767 [main] INFO org.springframework.boot.devtools.restart.RestartApplicationListener -- Restart disabled due to context in which it is running

  .   ____          _            __ _ _
 /\\ / ___'_ __ _ _(_)_ __  __ _ \ \ \ \
( ( )\___ | '_ | '_| | '_ \/ _` | \ \ \ \
 \\/  ___)| |_)| | | | | || (_| |  ) ) ) )
  '  |____| .__|_| |_|_| |_\__, | / / / /
 =========|_|==============|___/=/_/_/_/

 :: Spring Boot ::                (v3.4.0)

2025-07-30T12:07:10.223+05:30  INFO 21272 --- [userservice] [           main] d.a.u.u.RegisterClientAddingTest         : Starting RegisterClientAddingTest using Java 17.0.8 with PID 21272 (started by Dell in D:\E-Commerce_31Aug2025\userservice\userservice)
2025-07-30T12:07:10.224+05:30  INFO 21272 --- [userservice] [           main] d.a.u.u.RegisterClientAddingTest         : The following 1 profile is active: "rds"
2025-07-30T12:07:12.034+05:30  INFO 21272 --- [userservice] [           main] .s.d.r.c.RepositoryConfigurationDelegate : Bootstrapping Spring Data JPA repositories in DEFAULT mode.
2025-07-30T12:07:12.167+05:30  INFO 21272 --- [userservice] [           main] .s.d.r.c.RepositoryConfigurationDelegate : Finished Spring Data repository scanning in 115 ms. Found 7 JPA repository interfaces.
2025-07-30T12:07:14.587+05:30  INFO 21272 --- [userservice] [           main] com.zaxxer.hikari.HikariDataSource       : HikariPool-1 - Starting...
2025-07-30T12:07:16.794+05:30  INFO 21272 --- [userservice] [           main] com.zaxxer.hikari.pool.HikariPool        : HikariPool-1 - Added connection com.mysql.cj.jdbc.ConnectionImpl@43ab0659
2025-07-30T12:07:16.803+05:30  INFO 21272 --- [userservice] [           main] com.zaxxer.hikari.HikariDataSource       : HikariPool-1 - Start completed.
2025-07-30T12:07:17.306+05:30  INFO 21272 --- [userservice] [           main] org.flywaydb.core.FlywayExecutor         : Database: jdbc:mysql://dev-user-db-aws.cnqiiiiqycvg.ap-south-1.rds.amazonaws.com:3306/dev_user_db_rds (MySQL 8.0)
2025-07-30T12:07:19.249+05:30  INFO 21272 --- [userservice] [           main] o.f.core.internal.command.DbValidate     : Successfully validated 2 migrations (execution time 00:00.713s)
2025-07-30T12:07:20.375+05:30  INFO 21272 --- [userservice] [           main] o.f.core.internal.command.DbMigrate      : Current version of schema `dev_user_db_rds`: 2
2025-07-30T12:07:20.491+05:30  INFO 21272 --- [userservice] [           main] o.f.core.internal.command.DbMigrate      : Schema `dev_user_db_rds` is up to date. No migration necessary.
2025-07-30T12:07:21.290+05:30  INFO 21272 --- [userservice] [           main] o.hibernate.jpa.internal.util.LogHelper  : HHH000204: Processing PersistenceUnitInfo [name: default]
2025-07-30T12:07:21.454+05:30  INFO 21272 --- [userservice] [           main] org.hibernate.Version                    : HHH000412: Hibernate ORM core version 6.6.2.Final
2025-07-30T12:07:21.540+05:30  INFO 21272 --- [userservice] [           main] o.h.c.internal.RegionFactoryInitiator    : HHH000026: Second-level cache disabled
2025-07-30T12:07:22.151+05:30  INFO 21272 --- [userservice] [           main] o.s.o.j.p.SpringPersistenceUnitInfo      : No LoadTimeWeaver setup: ignoring JPA class transformer
2025-07-30T12:07:22.693+05:30  INFO 21272 --- [userservice] [           main] org.hibernate.orm.connections.pooling    : HHH10001005: Database info:
	Database JDBC URL [Connecting through datasource 'HikariDataSource (HikariPool-1)']
	Database driver: undefined/unknown
	Database version: 8.0.42
	Autocommit mode: undefined/unknown
	Isolation level: undefined/unknown
	Minimum pool size: undefined/unknown
	Maximum pool size: undefined/unknown
2025-07-30T12:07:24.300+05:30  INFO 21272 --- [userservice] [           main] o.h.e.t.j.p.i.JtaPlatformInitiator       : HHH000489: No JTA platform available (set 'hibernate.transaction.jta.platform' to enable JTA platform integration)
2025-07-30T12:07:25.502+05:30  INFO 21272 --- [userservice] [           main] j.LocalContainerEntityManagerFactoryBean : Initialized JPA EntityManagerFactory for persistence unit 'default'
2025-07-30T12:07:26.208+05:30 DEBUG 21272 --- [userservice] [           main] o.s.s.jackson2.SecurityJackson2Modules   : Loaded module org.springframework.security.jackson2.CoreJackson2Module, now registering
2025-07-30T12:07:26.214+05:30 DEBUG 21272 --- [userservice] [           main] o.s.s.jackson2.SecurityJackson2Modules   : Loaded module org.springframework.security.web.jackson2.WebJackson2Module, now registering
2025-07-30T12:07:26.215+05:30 DEBUG 21272 --- [userservice] [           main] o.s.s.jackson2.SecurityJackson2Modules   : Loaded module org.springframework.security.web.server.jackson2.WebServerJackson2Module, now registering
2025-07-30T12:07:26.216+05:30 DEBUG 21272 --- [userservice] [           main] o.s.s.jackson2.SecurityJackson2Modules   : Loaded module org.springframework.security.web.jackson2.WebServletJackson2Module, now registering
2025-07-30T12:07:26.217+05:30 DEBUG 21272 --- [userservice] [           main] o.s.s.jackson2.SecurityJackson2Modules   : Loaded module com.fasterxml.jackson.datatype.jsr310.JavaTimeModule, now registering
2025-07-30T12:07:26.355+05:30  INFO 21272 --- [userservice] [           main] o.s.d.j.r.query.QueryEnhancerFactory     : Hibernate is in classpath; If applicable, HQL parser will be used.
2025-07-30T12:07:26.954+05:30 DEBUG 21272 --- [userservice] [           main] o.s.s.jackson2.SecurityJackson2Modules   : Loaded module org.springframework.security.jackson2.CoreJackson2Module, now registering
2025-07-30T12:07:26.955+05:30 DEBUG 21272 --- [userservice] [           main] o.s.s.jackson2.SecurityJackson2Modules   : Loaded module org.springframework.security.web.jackson2.WebJackson2Module, now registering
2025-07-30T12:07:26.955+05:30 DEBUG 21272 --- [userservice] [           main] o.s.s.jackson2.SecurityJackson2Modules   : Loaded module org.springframework.security.web.server.jackson2.WebServerJackson2Module, now registering
2025-07-30T12:07:26.955+05:30 DEBUG 21272 --- [userservice] [           main] o.s.s.jackson2.SecurityJackson2Modules   : Loaded module org.springframework.security.web.jackson2.WebServletJackson2Module, now registering
2025-07-30T12:07:26.955+05:30 DEBUG 21272 --- [userservice] [           main] o.s.s.jackson2.SecurityJackson2Modules   : Loaded module com.fasterxml.jackson.datatype.jsr310.JavaTimeModule, now registering
2025-07-30T12:07:27.169+05:30  WARN 21272 --- [userservice] [           main] JpaBaseConfiguration$JpaWebConfiguration : spring.jpa.open-in-view is enabled by default. Therefore, database queries may be performed during view rendering. Explicitly configure spring.jpa.open-in-view to disable this warning
2025-07-30T12:07:27.211+05:30 TRACE 21272 --- [userservice] [           main] eGlobalAuthenticationAutowiredConfigurer : Eagerly initializing {securityConfig=dev.abhi.userservice.userservice.configs.SecurityConfig$$SpringCGLIB$$0@3bfbe2a6}
2025-07-30T12:07:27.224+05:30  INFO 21272 --- [userservice] [           main] r$InitializeUserDetailsManagerConfigurer : Global AuthenticationManager configured with UserDetailsService bean with name customSpringUserDetailService
2025-07-30T12:07:28.139+05:30  INFO 21272 --- [userservice] [           main] o.s.b.a.e.web.EndpointLinksResolver      : Exposing 1 endpoint beneath base path '/actuator'
2025-07-30T12:07:28.836+05:30 DEBUG 21272 --- [userservice] [           main] o.s.s.web.DefaultSecurityFilterChain     : Will secure org.springframework.security.oauth2.server.authorization.config.annotation.web.configurers.OAuth2AuthorizationServerConfigurer$$Lambda$2003/0x000002239eb915a0@47a363a8 with filters: DisableEncodeUrlFilter, WebAsyncManagerIntegrationFilter, SecurityContextHolderFilter, AuthorizationServerContextFilter, HeaderWriterFilter, CsrfFilter, OidcLogoutEndpointFilter, LogoutFilter, OAuth2AuthorizationServerMetadataEndpointFilter, OAuth2AuthorizationEndpointFilter, OAuth2DeviceVerificationEndpointFilter, OidcProviderConfigurationEndpointFilter, NimbusJwkSetEndpointFilter, OAuth2ClientAuthenticationFilter, BearerTokenAuthenticationFilter, RequestCacheAwareFilter, SecurityContextHolderAwareRequestFilter, AnonymousAuthenticationFilter, ExceptionTranslationFilter, AuthorizationFilter, OAuth2TokenEndpointFilter, OAuth2TokenIntrospectionEndpointFilter, OAuth2TokenRevocationEndpointFilter, OAuth2DeviceAuthorizationEndpointFilter, OidcUserInfoEndpointFilter
2025-07-30T12:07:28.872+05:30 DEBUG 21272 --- [userservice] [           main] o.s.s.web.DefaultSecurityFilterChain     : Will secure any request with filters: DisableEncodeUrlFilter, WebAsyncManagerIntegrationFilter, SecurityContextHolderFilter, HeaderWriterFilter, LogoutFilter, UsernamePasswordAuthenticationFilter, DefaultResourcesFilter, DefaultLoginPageGeneratingFilter, DefaultLogoutPageGeneratingFilter, RequestCacheAwareFilter, SecurityContextHolderAwareRequestFilter, AnonymousAuthenticationFilter, ExceptionTranslationFilter, AuthorizationFilter
2025-07-30T12:07:29.824+05:30  INFO 21272 --- [userservice] [           main] d.a.u.u.RegisterClientAddingTest         : Started RegisterClientAddingTest in 20.074 seconds (process running for 21.596)
Hibernate: select c1_0.id,c1_0.authorization_grant_types,c1_0.client_authentication_methods,c1_0.client_id,c1_0.client_id_issued_at,c1_0.client_name,c1_0.client_secret,c1_0.client_secret_expires_at,c1_0.client_settings,c1_0.post_logout_redirect_uris,c1_0.redirect_uris,c1_0.scopes,c1_0.token_settings from `client` c1_0 where c1_0.id=?
Hibernate: insert into `client` (authorization_grant_types,client_authentication_methods,client_id,client_id_issued_at,client_name,client_secret,client_secret_expires_at,client_settings,post_logout_redirect_uris,redirect_uris,scopes,token_settings,id) values (?,?,?,?,?,?,?,?,?,?,?,?,?)
]]></system-out>
  </testcase>
</testsuite>